# JRE version: Java(TM) SE Runtime Environment (8.0_202-b08) (build 1.8.0_202-b08)
# Java VM: Java HotSpot(TM) 64-Bit Server VM (25.202-b08 mixed mode windows-amd64 compressed oops)
Heap:
 PSYoungGen      total 3681792K, used 3196412K [0x000000066dc00000, 0x0000000759300000, 0x00000007c0000000)
  eden space 3509760K, 86% used [0x000000066dc00000,0x000000072657f298,0x0000000743f80000)
  from space 172032K, 99% used [0x000000074eb00000,0x00000007592ffd68,0x0000000759300000)
  to   space 29696K, 0% used [0x0000000743f80000,0x0000000743f80000,0x0000000745c80000)
 ParOldGen       total 578560K, used 104631K [0x00000003c9400000, 0x00000003ec900000, 0x000000066dc00000)
  object space 578560K, 18% used [0x00000003c9400000,0x00000003cfa2dca0,0x00000003ec900000)
 Metaspace       used 94205K, capacity 100177K, committed 100352K, reserved 1136640K
  class space    used 12395K, capacity 13516K, committed 13568K, reserved 1048576K
GC Heap History (10 events):
Event: 852.499 GC heap before
{Heap before GC invocations=17 (full 4):
 PSYoungGen      total 2636800K, used 2553344K [0x000000066dc00000, 0x0000000714080000, 0x00000007c0000000)
  eden space 2553344K, 100% used [0x000000066dc00000,0x0000000709980000,0x0000000709980000)
  from space 83456K, 0% used [0x000000070ef00000,0x000000070ef00000,0x0000000714080000)
  to   space 85504K, 0% used [0x0000000709980000,0x0000000709980000,0x000000070ed00000)
 ParOldGen       total 578560K, used 65803K [0x00000003c9400000, 0x00000003ec900000, 0x000000066dc00000)
  object space 578560K, 11% used [0x00000003c9400000,0x00000003cd442d98,0x00000003ec900000)
 Metaspace       used 90036K, capacity 95593K, committed 95872K, reserved 1132544K
  class space    used 12045K, capacity 13068K, committed 13184K, reserved 1048576K
Event: 852.786 GC heap after
Heap after GC invocations=17 (full 4):
 PSYoungGen      total 2638848K, used 85472K [0x000000066dc00000, 0x0000000756c80000, 0x00000007c0000000)
  eden space 2553344K, 0% used [0x000000066dc00000,0x000000066dc00000,0x0000000709980000)
  from space 85504K, 99% used [0x0000000709980000,0x000000070ecf8140,0x000000070ed00000)
  to   space 129536K, 0% used [0x000000074ee00000,0x000000074ee00000,0x0000000756c80000)
 ParOldGen       total 578560K, used 146020K [0x00000003c9400000, 0x00000003ec900000, 0x000000066dc00000)
  object space 578560K, 25% used [0x00000003c9400000,0x00000003d22991b0,0x00000003ec900000)
 Metaspace       used 90036K, capacity 95593K, committed 95872K, reserved 1132544K
  class space    used 12045K, capacity 13068K, committed 13184K, reserved 1048576K
}
Event: 885.585 GC heap before
{Heap before GC invocations=18 (full 4):
 PSYoungGen      total 2638848K, used 2638816K [0x000000066dc00000, 0x0000000756c80000, 0x00000007c0000000)
  eden space 2553344K, 100% used [0x000000066dc00000,0x0000000709980000,0x0000000709980000)
  from space 85504K, 99% used [0x0000000709980000,0x000000070ecf8140,0x000000070ed00000)
  to   space 129536K, 0% used [0x000000074ee00000,0x000000074ee00000,0x0000000756c80000)
 ParOldGen       total 578560K, used 146020K [0x00000003c9400000, 0x00000003ec900000, 0x000000066dc00000)
  object space 578560K, 25% used [0x00000003c9400000,0x00000003d22991b0,0x00000003ec900000)
 Metaspace       used 90558K, capacity 96275K, committed 96384K, reserved 1132544K
  class space    used 12139K, capacity 13165K, committed 13184K, reserved 1048576K
Event: 885.868 GC heap after
Heap after GC invocations=18 (full 4):
 PSYoungGen      total 3639296K, used 129531K [0x000000066dc00000, 0x000000075a000000, 0x00000007c0000000)
  eden space 3509760K, 0% used [0x000000066dc00000,0x000000066dc00000,0x0000000743f80000)
  from space 129536K, 99% used [0x000000074ee00000,0x0000000756c7ece0,0x0000000756c80000)
  to   space 178688K, 0% used [0x0000000743f80000,0x0000000743f80000,0x000000074ee00000)
 ParOldGen       total 578560K, used 216683K [0x00000003c9400000, 0x00000003ec900000, 0x000000066dc00000)
  object space 578560K, 37% used [0x00000003c9400000,0x00000003d679ae98,0x00000003ec900000)
 Metaspace       used 90558K, capacity 96275K, committed 96384K, reserved 1132544K
  class space    used 12139K, capacity 13165K, committed 13184K, reserved 1048576K
}
Event: 2298.165 GC heap before
{Heap before GC invocations=19 (full 4):
 PSYoungGen      total 3639296K, used 3270491K [0x000000066dc00000, 0x000000075a000000, 0x00000007c0000000)
  eden space 3509760K, 89% used [0x000000066dc00000,0x000000072d7582d0,0x0000000743f80000)
  from space 129536K, 99% used [0x000000074ee00000,0x0000000756c7ece0,0x0000000756c80000)
  to   space 178688K, 0% used [0x0000000743f80000,0x0000000743f80000,0x000000074ee00000)
 ParOldGen       total 578560K, used 216683K [0x00000003c9400000, 0x00000003ec900000, 0x000000066dc00000)
  object space 578560K, 37% used [0x00000003c9400000,0x00000003d679ae98,0x00000003ec900000)
 Metaspace       used 92088K, capacity 97917K, committed 98176K, reserved 1134592K
  class space    used 12240K, capacity 13317K, committed 13440K, reserved 1048576K
Event: 2298.234 GC heap after
Heap after GC invocations=19 (full 4):
 PSYoungGen      total 3539456K, used 29417K [0x000000066dc00000, 0x0000000759300000, 0x00000007c0000000)
  eden space 3509760K, 0% used [0x000000066dc00000,0x000000066dc00000,0x0000000743f80000)
  from space 29696K, 99% used [0x0000000743f80000,0x0000000745c3a5e8,0x0000000745c80000)
  to   space 172032K, 0% used [0x000000074eb00000,0x000000074eb00000,0x0000000759300000)
 ParOldGen       total 578560K, used 222259K [0x00000003c9400000, 0x00000003ec900000, 0x000000066dc00000)
  object space 578560K, 38% used [0x00000003c9400000,0x00000003d6d0cf78,0x00000003ec900000)
 Metaspace       used 92088K, capacity 97917K, committed 98176K, reserved 1134592K
  class space    used 12240K, capacity 13317K, committed 13440K, reserved 1048576K
}
Event: 2298.234 GC heap before
{Heap before GC invocations=20 (full 5):
 PSYoungGen      total 3539456K, used 29417K [0x000000066dc00000, 0x0000000759300000, 0x00000007c0000000)
  eden space 3509760K, 0% used [0x000000066dc00000,0x000000066dc00000,0x0000000743f80000)
  from space 29696K, 99% used [0x0000000743f80000,0x0000000745c3a5e8,0x0000000745c80000)
  to   space 172032K, 0% used [0x000000074eb00000,0x000000074eb00000,0x0000000759300000)
 ParOldGen       total 578560K, used 222259K [0x00000003c9400000, 0x00000003ec900000, 0x000000066dc00000)
  object space 578560K, 38% used [0x00000003c9400000,0x00000003d6d0cf78,0x00000003ec900000)
 Metaspace       used 92088K, capacity 97917K, committed 98176K, reserved 1134592K
  class space    used 12240K, capacity 13317K, committed 13440K, reserved 1048576K
Event: 2299.213 GC heap after
Heap after GC invocations=20 (full 5):
 PSYoungGen      total 3539456K, used 0K [0x000000066dc00000, 0x0000000759300000, 0x00000007c0000000)
  eden space 3509760K, 0% used [0x000000066dc00000,0x000000066dc00000,0x0000000743f80000)
  from space 29696K, 0% used [0x0000000743f80000,0x0000000743f80000,0x0000000745c80000)
  to   space 172032K, 0% used [0x000000074eb00000,0x000000074eb00000,0x0000000759300000)
 ParOldGen       total 578560K, used 92439K [0x00000003c9400000, 0x00000003ec900000, 0x000000066dc00000)
  object space 578560K, 15% used [0x00000003c9400000,0x00000003cee45fb0,0x00000003ec900000)
 Metaspace       used 92043K, capacity 97845K, committed 98176K, reserved 1134592K
  class space    used 12233K, capacity 13305K, committed 13440K, reserved 1048576K
}
Event: 2452.267 GC heap before
{Heap before GC invocations=21 (full 5):
 PSYoungGen      total 3539456K, used 3509760K [0x000000066dc00000, 0x0000000759300000, 0x00000007c0000000)
  eden space 3509760K, 100% used [0x000000066dc00000,0x0000000743f80000,0x0000000743f80000)
  from space 29696K, 0% used [0x0000000743f80000,0x0000000743f80000,0x0000000745c80000)
  to   space 172032K, 0% used [0x000000074eb00000,0x000000074eb00000,0x0000000759300000)
 ParOldGen       total 578560K, used 92439K [0x00000003c9400000, 0x00000003ec900000, 0x000000066dc00000)
  object space 578560K, 15% used [0x00000003c9400000,0x00000003cee45fb0,0x00000003ec900000)
 Metaspace       used 92897K, capacity 98781K, committed 98944K, reserved 1134592K
  class space    used 12309K, capacity 13403K, committed 13440K, reserved 1048576K
Event: 2453.174 GC heap after
Heap after GC invocations=21 (full 5):
 PSYoungGen      total 3681792K, used 172031K [0x000000066dc00000, 0x0000000759300000, 0x00000007c0000000)
  eden space 3509760K, 0% used [0x000000066dc00000,0x000000066dc00000,0x0000000743f80000)
  from space 172032K, 99% used [0x000000074eb00000,0x00000007592ffd68,0x0000000759300000)
  to   space 29696K, 0% used [0x0000000743f80000,0x0000000743f80000,0x0000000745c80000)
 ParOldGen       total 578560K, used 104631K [0x00000003c9400000, 0x00000003ec900000, 0x000000066dc00000)
  object space 578560K, 18% used [0x00000003c9400000,0x00000003cfa2dca0,0x00000003ec900000)
 Metaspace       used 92897K, capacity 98781K, committed 98944K, reserved 1134592K
  class space    used 12309K, capacity 13403K, committed 13440K, reserved 1048576K
}

