# JRE version: Java(TM) SE Runtime Environment (8.0_202-b08) (build 1.8.0_202-b08)
# Java VM: Java HotSpot(TM) 64-Bit Server VM (25.202-b08 mixed mode windows-amd64 compressed oops)
Heap:
 PSYoungGen      total 4275200K, used 2500680K [0x000000066dc00000, 0x000000077e600000, 0x00000007c0000000)
  eden space 4102144K, 56% used [0x000000066dc00000,0x00000006fbd19fb8,0x0000000768200000)
  from space 173056K, 99% used [0x0000000773d00000,0x000000077e5f82a0,0x000000077e600000)
  to   space 178176K, 0% used [0x0000000768200000,0x0000000768200000,0x0000000773000000)
 ParOldGen       total 533504K, used 169248K [0x00000003c9400000, 0x00000003e9d00000, 0x000000066dc00000)
  object space 533504K, 31% used [0x00000003c9400000,0x00000003d39482d8,0x00000003e9d00000)
 Metaspace       used 95805K, capacity 101768K, committed 101888K, reserved 1136640K
  class space    used 12644K, capacity 13774K, committed 13824K, reserved 1048576K
GC Heap History (10 events):
Event: 784.180 GC heap before
{Heap before GC invocations=17 (full 4):
 PSYoungGen      total 2889216K, used 2804224K [0x000000066dc00000, 0x0000000723880000, 0x00000007c0000000)
  eden space 2804224K, 100% used [0x000000066dc00000,0x0000000718e80000,0x0000000718e80000)
  from space 84992K, 0% used [0x000000071e580000,0x000000071e580000,0x0000000723880000)
  to   space 87040K, 0% used [0x0000000718e80000,0x0000000718e80000,0x000000071e380000)
 ParOldGen       total 533504K, used 66036K [0x00000003c9400000, 0x00000003e9d00000, 0x000000066dc00000)
  object space 533504K, 12% used [0x00000003c9400000,0x00000003cd47d058,0x00000003e9d00000)
 Metaspace       used 92884K, capacity 98550K, committed 98816K, reserved 1134592K
  class space    used 12409K, capacity 13478K, committed 13568K, reserved 1048576K
Event: 784.399 GC heap after
Heap after GC invocations=17 (full 4):
 PSYoungGen      total 2891264K, used 87017K [0x000000066dc00000, 0x000000077af00000, 0x00000007c0000000)
  eden space 2804224K, 0% used [0x000000066dc00000,0x000000066dc00000,0x0000000718e80000)
  from space 87040K, 99% used [0x0000000718e80000,0x000000071e37a658,0x000000071e380000)
  to   space 130048K, 0% used [0x0000000773000000,0x0000000773000000,0x000000077af00000)
 ParOldGen       total 533504K, used 141958K [0x00000003c9400000, 0x00000003e9d00000, 0x000000066dc00000)
  object space 533504K, 26% used [0x00000003c9400000,0x00000003d1ea1b48,0x00000003e9d00000)
 Metaspace       used 92884K, capacity 98550K, committed 98816K, reserved 1134592K
  class space    used 12409K, capacity 13478K, committed 13568K, reserved 1048576K
}
Event: 808.014 GC heap before
{Heap before GC invocations=18 (full 4):
 PSYoungGen      total 2891264K, used 2891241K [0x000000066dc00000, 0x000000077af00000, 0x00000007c0000000)
  eden space 2804224K, 100% used [0x000000066dc00000,0x0000000718e80000,0x0000000718e80000)
  from space 87040K, 99% used [0x0000000718e80000,0x000000071e37a658,0x000000071e380000)
  to   space 130048K, 0% used [0x0000000773000000,0x0000000773000000,0x000000077af00000)
 ParOldGen       total 533504K, used 141958K [0x00000003c9400000, 0x00000003e9d00000, 0x000000066dc00000)
  object space 533504K, 26% used [0x00000003c9400000,0x00000003d1ea1b48,0x00000003e9d00000)
 Metaspace       used 93123K, capacity 98882K, committed 99072K, reserved 1134592K
  class space    used 12447K, capacity 13531K, committed 13568K, reserved 1048576K
Event: 808.585 GC heap after
Heap after GC invocations=18 (full 4):
 PSYoungGen      total 4232192K, used 130016K [0x000000066dc00000, 0x000000077f000000, 0x00000007c0000000)
  eden space 4102144K, 0% used [0x000000066dc00000,0x000000066dc00000,0x0000000768200000)
  from space 130048K, 99% used [0x0000000773000000,0x000000077aef82a8,0x000000077af00000)
  to   space 178176K, 0% used [0x0000000768200000,0x0000000768200000,0x0000000773000000)
 ParOldGen       total 533504K, used 210227K [0x00000003c9400000, 0x00000003e9d00000, 0x000000066dc00000)
  object space 533504K, 39% used [0x00000003c9400000,0x00000003d614ce60,0x00000003e9d00000)
 Metaspace       used 93123K, capacity 98882K, committed 99072K, reserved 1134592K
  class space    used 12447K, capacity 13531K, committed 13568K, reserved 1048576K
}
Event: 2230.847 GC heap before
{Heap before GC invocations=19 (full 4):
 PSYoungGen      total 4232192K, used 2942374K [0x000000066dc00000, 0x000000077f000000, 0x00000007c0000000)
  eden space 4102144K, 68% used [0x000000066dc00000,0x00000007196717a8,0x0000000768200000)
  from space 130048K, 99% used [0x0000000773000000,0x000000077aef82a8,0x000000077af00000)
  to   space 178176K, 0% used [0x0000000768200000,0x0000000768200000,0x0000000773000000)
 ParOldGen       total 533504K, used 210227K [0x00000003c9400000, 0x00000003e9d00000, 0x000000066dc00000)
  object space 533504K, 39% used [0x00000003c9400000,0x00000003d614ce60,0x00000003e9d00000)
 Metaspace       used 94672K, capacity 100510K, committed 100736K, reserved 1136640K
  class space    used 12535K, capacity 13646K, committed 13696K, reserved 1048576K
Event: 2230.950 GC heap after
Heap after GC invocations=19 (full 4):
 PSYoungGen      total 4280320K, used 22498K [0x000000066dc00000, 0x000000077e600000, 0x00000007c0000000)
  eden space 4102144K, 0% used [0x000000066dc00000,0x000000066dc00000,0x0000000768200000)
  from space 178176K, 12% used [0x0000000768200000,0x00000007697f8be0,0x0000000773000000)
  to   space 173056K, 0% used [0x0000000773d00000,0x0000000773d00000,0x000000077e600000)
 ParOldGen       total 533504K, used 216864K [0x00000003c9400000, 0x00000003e9d00000, 0x000000066dc00000)
  object space 533504K, 40% used [0x00000003c9400000,0x00000003d67c8068,0x00000003e9d00000)
 Metaspace       used 94672K, capacity 100510K, committed 100736K, reserved 1136640K
  class space    used 12535K, capacity 13646K, committed 13696K, reserved 1048576K
}
Event: 2230.950 GC heap before
{Heap before GC invocations=20 (full 5):
 PSYoungGen      total 4280320K, used 22498K [0x000000066dc00000, 0x000000077e600000, 0x00000007c0000000)
  eden space 4102144K, 0% used [0x000000066dc00000,0x000000066dc00000,0x0000000768200000)
  from space 178176K, 12% used [0x0000000768200000,0x00000007697f8be0,0x0000000773000000)
  to   space 173056K, 0% used [0x0000000773d00000,0x0000000773d00000,0x000000077e600000)
 ParOldGen       total 533504K, used 216864K [0x00000003c9400000, 0x00000003e9d00000, 0x000000066dc00000)
  object space 533504K, 40% used [0x00000003c9400000,0x00000003d67c8068,0x00000003e9d00000)
 Metaspace       used 94672K, capacity 100510K, committed 100736K, reserved 1136640K
  class space    used 12535K, capacity 13646K, committed 13696K, reserved 1048576K
Event: 2232.146 GC heap after
Heap after GC invocations=20 (full 5):
 PSYoungGen      total 4280320K, used 0K [0x000000066dc00000, 0x000000077e600000, 0x00000007c0000000)
  eden space 4102144K, 0% used [0x000000066dc00000,0x000000066dc00000,0x0000000768200000)
  from space 178176K, 0% used [0x0000000768200000,0x0000000768200000,0x0000000773000000)
  to   space 173056K, 0% used [0x0000000773d00000,0x0000000773d00000,0x000000077e600000)
 ParOldGen       total 533504K, used 87826K [0x00000003c9400000, 0x00000003e9d00000, 0x000000066dc00000)
  object space 533504K, 16% used [0x00000003c9400000,0x00000003ce9c49a8,0x00000003e9d00000)
 Metaspace       used 94635K, capacity 100450K, committed 100736K, reserved 1136640K
  class space    used 12530K, capacity 13636K, committed 13696K, reserved 1048576K
}
Event: 2390.105 GC heap before
{Heap before GC invocations=21 (full 5):
 PSYoungGen      total 4280320K, used 4102144K [0x000000066dc00000, 0x000000077e600000, 0x00000007c0000000)
  eden space 4102144K, 100% used [0x000000066dc00000,0x0000000768200000,0x0000000768200000)
  from space 178176K, 0% used [0x0000000768200000,0x0000000768200000,0x0000000773000000)
  to   space 173056K, 0% used [0x0000000773d00000,0x0000000773d00000,0x000000077e600000)
 ParOldGen       total 533504K, used 87826K [0x00000003c9400000, 0x00000003e9d00000, 0x000000066dc00000)
  object space 533504K, 16% used [0x00000003c9400000,0x00000003ce9c49a8,0x00000003e9d00000)
 Metaspace       used 95462K, capacity 101380K, committed 101632K, reserved 1136640K
  class space    used 12604K, capacity 13733K, committed 13824K, reserved 1048576K
Event: 2391.731 GC heap after
Heap after GC invocations=21 (full 5):
 PSYoungGen      total 4275200K, used 173024K [0x000000066dc00000, 0x000000077e600000, 0x00000007c0000000)
  eden space 4102144K, 0% used [0x000000066dc00000,0x000000066dc00000,0x0000000768200000)
  from space 173056K, 99% used [0x0000000773d00000,0x000000077e5f82a0,0x000000077e600000)
  to   space 178176K, 0% used [0x0000000768200000,0x0000000768200000,0x0000000773000000)
 ParOldGen       total 533504K, used 169248K [0x00000003c9400000, 0x00000003e9d00000, 0x000000066dc00000)
  object space 533504K, 31% used [0x00000003c9400000,0x00000003d39482d8,0x00000003e9d00000)
 Metaspace       used 95462K, capacity 101380K, committed 101632K, reserved 1136640K
  class space    used 12604K, capacity 13733K, committed 13824K, reserved 1048576K
}

